Compiling the CXX compiler identification source file "CMakeCXXCompilerId.cpp" failed.
Compiler:  
Build flags: 
Id flags:  

The output was:
1
Microsoft (R) Build Engine version 16.8.2+25e4d540b for .NET Framework
Copyright (C) Microsoft Corporation. All rights reserved.

Build started 24-11-2021 22:20:26.
Project "F:\github\cpp_opencv_projects\image_alpha_bending\build\CMakeFiles\3.22.0-rc3\CompilerIdCXX\CompilerIdCXX.vcxproj" on node 1 (default targets).
PrepareForBuild:
  Creating directory "Debug\".
  Creating directory "Debug\CompilerIdCXX.tlog\".
InitializeBuildStatus:
  Creating "Debug\CompilerIdCXX.tlog\unsuccessfulbuild" because "AlwaysCreate" was specified.
VcpkgTripletSelection:
  Using triplet "x64-windows" from "F:\python_workspace\necessities\vcpkg\installed\\x64-windows\"
ClCompile:
  C:\Program Files (x86)\Microsoft Visual Studio\2019\Community\VC\Tools\MSVC\14.28.29333\bin\HostX64\x64\CL.exe /c /I"F:\python_workspace\necessities\vcpkg\installed\\x64-windows\include" /nologo /W0 /WX- /diagnostics:column /Od /D _MBCS /Gm- /EHsc /RTC1 /MDd /GS /Zc:wchar_t /Zc:forScope /Zc:inline /Fo"Debug\\" /Fd"Debug\vc142.pdb" /Gd /TP /FC /errorReport:queue CMakeCXXCompilerId.cpp
  CMakeCXXCompilerId.cpp
Link:
  C:\Program Files (x86)\Microsoft Visual Studio\2019\Community\VC\Tools\MSVC\14.28.29333\bin\HostX64\x64\link.exe /ERRORREPORT:QUEUE /OUT:".\CompilerIdCXX.exe" /INCREMENTAL:NO /NOLOGO /LIBPATH:"F:\python_workspace\necessities\vcpkg\installed\\x64-windows\debug\lib" /LIBPATH:"F:\python_workspace\necessities\vcpkg\installed\\x64-windows\debug\lib\manual-link" kernel32.lib user32.lib gdi32.lib winspool.lib comdlg32.lib advapi32.lib shell32.lib ole32.lib oleaut32.lib uuid.lib odbc32.lib odbccp32.lib "F:\python_workspace\necessities\vcpkg\installed\\x64-windows\debug\lib\*.lib" /MANIFEST /MANIFESTUAC:"level='asInvoker' uiAccess='false'" /manifest:embed /PDB:".\CompilerIdCXX.pdb" /SUBSYSTEM:CONSOLE /TLBID:1 /DYNAMICBASE /NXCOMPAT /IMPLIB:".\CompilerIdCXX.lib" /MACHINE:X64 Debug\CMakeCXXCompilerId.obj
LINK : fatal error LNK1104: cannot open file '.\CompilerIdCXX.exe' [F:\github\cpp_opencv_projects\image_alpha_bending\build\CMakeFiles\3.22.0-rc3\CompilerIdCXX\CompilerIdCXX.vcxproj]
FileTracker : error FTK1011: could not create the new file tracking log file: F:\github\cpp_opencv_projects\image_alpha_bending\build\CMakeFiles\3.22.0-rc3\CompilerIdCXX\Debug\CompilerIdCXX.tlog\link.read.1.tlog. Access is denied. [F:\github\cpp_opencv_projects\image_alpha_bending\build\CMakeFiles\3.22.0-rc3\CompilerIdCXX\CompilerIdCXX.vcxproj]
  
  
  
Done Building Project "F:\github\cpp_opencv_projects\image_alpha_bending\build\CMakeFiles\3.22.0-rc3\CompilerIdCXX\CompilerIdCXX.vcxproj" (default targets) -- FAILED.

Build FAILED.

"F:\github\cpp_opencv_projects\image_alpha_bending\build\CMakeFiles\3.22.0-rc3\CompilerIdCXX\CompilerIdCXX.vcxproj" (default target) (1) ->
(Link target) -> 
  LINK : fatal error LNK1104: cannot open file '.\CompilerIdCXX.exe' [F:\github\cpp_opencv_projects\image_alpha_bending\build\CMakeFiles\3.22.0-rc3\CompilerIdCXX\CompilerIdCXX.vcxproj]
  FileTracker : error FTK1011: could not create the new file tracking log file: F:\github\cpp_opencv_projects\image_alpha_bending\build\CMakeFiles\3.22.0-rc3\CompilerIdCXX\Debug\CompilerIdCXX.tlog\link.read.1.tlog. Access is denied. [F:\github\cpp_opencv_projects\image_alpha_bending\build\CMakeFiles\3.22.0-rc3\CompilerIdCXX\CompilerIdCXX.vcxproj]

    0 Warning(s)
    2 Error(s)

Time Elapsed 00:00:01.12


