Compiling the CXX compiler identification source file "CMakeCXXCompilerId.cpp" failed.
Compiler:  
Build flags: 
Id flags:  

The output was:
1
Microsoft (R) Build Engine version 16.8.2+25e4d540b for .NET Framework
Copyright (C) Microsoft Corporation. All rights reserved.

Build started 27-10-2021 00:04:28.
Project "F:\github\cpp_opencv_projects\haar_cascade_detection\build\CMakeFiles\3.17.0\CompilerIdCXX\CompilerIdCXX.vcxproj" on node 1 (default targets).
PrepareForBuild:
  Creating directory "Debug\".
  Creating directory "Debug\CompilerIdCXX.tlog\".
C:\Program Files (x86)\Microsoft Visual Studio\2019\Community\MSBuild\Microsoft\VC\v160\Microsoft.CppBuild.targets(354,5): error MSB3491: Could not write lines to file "Debug\CompilerIdCXX.tlog\CompilerIdCXX.lastbuildstate". Access to the path 'F:\github\cpp_opencv_projects\haar_cascade_detection\build\CMakeFiles\3.17.0\CompilerIdCXX\Debug\CompilerIdCXX.tlog\CompilerIdCXX.lastbuildstate' is denied. [F:\github\cpp_opencv_projects\haar_cascade_detection\build\CMakeFiles\3.17.0\CompilerIdCXX\CompilerIdCXX.vcxproj]
Done Building Project "F:\github\cpp_opencv_projects\haar_cascade_detection\build\CMakeFiles\3.17.0\CompilerIdCXX\CompilerIdCXX.vcxproj" (default targets) -- FAILED.

Build FAILED.

"F:\github\cpp_opencv_projects\haar_cascade_detection\build\CMakeFiles\3.17.0\CompilerIdCXX\CompilerIdCXX.vcxproj" (default target) (1) ->
(InitializeBuildStatus target) -> 
  C:\Program Files (x86)\Microsoft Visual Studio\2019\Community\MSBuild\Microsoft\VC\v160\Microsoft.CppBuild.targets(354,5): error MSB3491: Could not write lines to file "Debug\CompilerIdCXX.tlog\CompilerIdCXX.lastbuildstate". Access to the path 'F:\github\cpp_opencv_projects\haar_cascade_detection\build\CMakeFiles\3.17.0\CompilerIdCXX\Debug\CompilerIdCXX.tlog\CompilerIdCXX.lastbuildstate' is denied. [F:\github\cpp_opencv_projects\haar_cascade_detection\build\CMakeFiles\3.17.0\CompilerIdCXX\CompilerIdCXX.vcxproj]

    0 Warning(s)
    1 Error(s)

Time Elapsed 00:00:00.40


